{"/Users/agiammarchi/git/self-aware/cjs/index.js":{"path":"/Users/agiammarchi/git/self-aware/cjs/index.js","s":{"1":1,"2":1,"3":6,"4":1,"5":5,"6":5,"7":59,"8":59,"9":6,"10":53,"11":33,"12":33,"13":33,"14":33,"15":66,"16":66,"17":66,"18":3,"19":66,"20":82,"21":33,"22":1,"23":6,"24":6,"25":6,"26":6,"27":1},"b":{"1":[1,5],"2":[6,53],"3":[33,20],"4":[53,41],"5":[66,1],"6":[3,63],"7":[66,8],"8":[82,1]},"f":{"1":1,"2":6,"3":59,"4":66,"5":82,"6":6},"fnMap":{"1":{"name":"(anonymous_1)","line":2,"loc":{"start":{"line":2,"column":17},"end":{"line":2,"column":42}}},"2":{"name":"enlighten","line":4,"loc":{"start":{"line":4,"column":2},"end":{"line":4,"column":30}}},"3":{"name":"(anonymous_3)","line":7,"loc":{"start":{"line":7,"column":48},"end":{"line":7,"column":64}}},"4":{"name":"get","line":14,"loc":{"start":{"line":14,"column":25},"end":{"line":14,"column":40}}},"5":{"name":"(anonymous_5)","line":18,"loc":{"start":{"line":18,"column":51},"end":{"line":18,"column":63}}},"6":{"name":"selfAware","line":26,"loc":{"start":{"line":26,"column":9},"end":{"line":26,"column":30}}}},"statementMap":{"1":{"start":{"line":2,"column":0},"end":{"line":32,"column":29}},"2":{"start":{"line":4,"column":2},"end":{"line":25,"column":3}},"3":{"start":{"line":5,"column":4},"end":{"line":5,"column":36}},"4":{"start":{"line":5,"column":29},"end":{"line":5,"column":36}},"5":{"start":{"line":6,"column":4},"end":{"line":6,"column":24}},"6":{"start":{"line":7,"column":4},"end":{"line":24,"column":7}},"7":{"start":{"line":8,"column":6},"end":{"line":8,"column":77}},"8":{"start":{"line":9,"column":6},"end":{"line":9,"column":30}},"9":{"start":{"line":9,"column":23},"end":{"line":9,"column":30}},"10":{"start":{"line":10,"column":6},"end":{"line":23,"column":7}},"11":{"start":{"line":11,"column":8},"end":{"line":11,"column":33}},"12":{"start":{"line":12,"column":8},"end":{"line":12,"column":32}},"13":{"start":{"line":13,"column":8},"end":{"line":13,"column":35}},"14":{"start":{"line":14,"column":8},"end":{"line":21,"column":10}},"15":{"start":{"line":15,"column":10},"end":{"line":15,"column":37}},"16":{"start":{"line":16,"column":10},"end":{"line":16,"column":40}},"17":{"start":{"line":17,"column":10},"end":{"line":17,"column":71}},"18":{"start":{"line":17,"column":24},"end":{"line":17,"column":71}},"19":{"start":{"line":18,"column":10},"end":{"line":20,"column":13}},"20":{"start":{"line":19,"column":12},"end":{"line":19,"column":56}},"21":{"start":{"line":22,"column":8},"end":{"line":22,"column":57}},"22":{"start":{"line":26,"column":2},"end":{"line":31,"column":4}},"23":{"start":{"line":27,"column":4},"end":{"line":27,"column":23}},"24":{"start":{"line":28,"column":4},"end":{"line":29,"column":42}},"25":{"start":{"line":29,"column":6},"end":{"line":29,"column":42}},"26":{"start":{"line":30,"column":4},"end":{"line":30,"column":19}},"27":{"start":{"line":33,"column":0},"end":{"line":33,"column":27}}},"branchMap":{"1":{"line":5,"type":"if","locations":[{"start":{"line":5,"column":4},"end":{"line":5,"column":4}},{"start":{"line":5,"column":4},"end":{"line":5,"column":4}}]},"2":{"line":9,"type":"if","locations":[{"start":{"line":9,"column":6},"end":{"line":9,"column":6}},{"start":{"line":9,"column":6},"end":{"line":9,"column":6}}]},"3":{"line":10,"type":"if","locations":[{"start":{"line":10,"column":6},"end":{"line":10,"column":6}},{"start":{"line":10,"column":6},"end":{"line":10,"column":6}}]},"4":{"line":10,"type":"binary-expr","locations":[{"start":{"line":10,"column":10},"end":{"line":10,"column":33}},{"start":{"line":10,"column":37},"end":{"line":10,"column":75}}]},"5":{"line":15,"type":"binary-expr","locations":[{"start":{"line":15,"column":21},"end":{"line":15,"column":25}},{"start":{"line":15,"column":29},"end":{"line":15,"column":36}}]},"6":{"line":17,"type":"if","locations":[{"start":{"line":17,"column":10},"end":{"line":17,"column":10}},{"start":{"line":17,"column":10},"end":{"line":17,"column":10}}]},"7":{"line":18,"type":"binary-expr","locations":[{"start":{"line":18,"column":17},"end":{"line":18,"column":30}},{"start":{"line":18,"column":35},"end":{"line":20,"column":11}}]},"8":{"line":19,"type":"binary-expr","locations":[{"start":{"line":19,"column":31},"end":{"line":19,"column":35}},{"start":{"line":19,"column":39},"end":{"line":19,"column":43}}]}}}}