TN:
SF:/Users/agiammarchi/git/self-aware/cjs/index.js
FN:2,(anonymous_1)
FN:4,enlighten
FN:7,(anonymous_3)
FN:14,get
FN:18,(anonymous_5)
FN:26,selfAware
FNF:6
FNH:6
FNDA:1,(anonymous_1)
FNDA:6,enlighten
FNDA:59,(anonymous_3)
FNDA:68,get
FNDA:84,(anonymous_5)
FNDA:6,selfAware
DA:2,1
DA:4,1
DA:5,6
DA:6,5
DA:7,5
DA:8,59
DA:9,59
DA:10,53
DA:11,33
DA:12,33
DA:13,33
DA:14,33
DA:15,68
DA:16,68
DA:17,68
DA:18,68
DA:19,84
DA:22,33
DA:26,1
DA:27,6
DA:28,6
DA:29,6
DA:30,6
DA:33,1
LF:24
LH:24
BRDA:5,1,0,1
BRDA:5,1,1,5
BRDA:9,2,0,6
BRDA:9,2,1,53
BRDA:10,3,0,33
BRDA:10,3,1,20
BRDA:10,4,0,53
BRDA:10,4,1,41
BRDA:15,5,0,68
BRDA:15,5,1,1
BRDA:17,6,0,3
BRDA:17,6,1,65
BRDA:18,7,0,68
BRDA:18,7,1,8
BRDA:19,8,0,84
BRDA:19,8,1,1
BRF:16
BRH:16
end_of_record
